QuestaSim qverilog 10.1d Compiler 2012.11 Nov  1 2012
C:\questasim_10.1d\win32\qverilog.exe .\top.sv 
** Note: (qverilog-2286) Using implicit +incdir+C:/questasim_10.1d/uvm-1.1c/../verilog_src/uvm-1.1c/src from import uvm_pkg
** Warning: .\top.sv(1): (qverilog-2283) Extra semicolon in $unit (global) scope.
-- Compiling package top_sv_unit
-- Importing package mtiUvm.uvm_pkg (uvm-1.1c Built-in)
** Warning: Q1_Producer.sv(23): (qverilog-2240) Treating stand-alone use of function 'randomize' as an implicit VOID cast.
-- Compiling module top

Top level modules:
	top
+ C:\questasim_10.1d\win32/vsim -lib work top -c -do "run -all; quit -f" -appendlog -l qverilog.log -vopt
# vsim -appendlog -do {run -all; quit -f} -l qverilog.log -lib work -c -vopt top 
# ** Note: (vsim-3813) Design is being optimized due to module recompilation...
# 
# ** Warning: Q1_Producer.sv(23): (vopt-2240) Treating stand-alone use of function 'randomize' as an implicit VOID cast.
# 
# //  Questa Sim
# //  Version 10.1d win32 Nov  1 2012
# //
# //  Copyright 1991-2012 Mentor Graphics Corporation
# //  All Rights Reserved.
# //
# //  THIS WORK CONTAINS TRADE SECRET AND PROPRIETARY INFORMATION
# //  WHICH IS THE PROPERTY OF MENTOR GRAPHICS CORPORATION OR ITS
# //  LICENSORS AND IS SUBJECT TO LICENSE TERMS.
# //
# Loading sv_std.std
# Loading mtiUvm.uvm_pkg(fast)
# Loading work.top_sv_unit(fast)
# Loading work.top(fast)
# Loading mtiUvm.questa_uvm_pkg(fast)
# Loading C:/questasim_10.1d/uvm-1.1c\win32\uvm_dpi.dll
# run -all 
# ----------------------------------------------------------------
# UVM-1.1c
# (C) 2007-2012 Mentor Graphics Corporation
# (C) 2007-2012 Cadence Design Systems, Inc.
# (C) 2006-2012 Synopsys, Inc.
# (C) 2011-2012 Cypress Semiconductor Corp.
# ----------------------------------------------------------------
# 
#   ***********       IMPORTANT RELEASE NOTES         ************
# 
#   You are using a version of the UVM library that has been compiled
#   with `UVM_NO_DEPRECATED undefined.
#   See http://www.eda.org/svdb/view.php?id=3313 for more details.
# 
#   You are using a version of the UVM library that has been compiled
#   with `UVM_OBJECT_MUST_HAVE_CONSTRUCTOR undefined.
#   See http://www.eda.org/svdb/view.php?id=3770 for more details.
# 
#       (Specify +UVM_NO_RELNOTES to turn off this notice)
# 
# UVM_INFO verilog_src/questa_uvm_pkg-1.2/src/questa_uvm_pkg.sv(215) @ 0: reporter [Questa UVM] QUESTA_UVM-1.2
# UVM_INFO verilog_src/questa_uvm_pkg-1.2/src/questa_uvm_pkg.sv(217) @ 0: reporter [Questa UVM]  questa_uvm::init(+struct)
# UVM_INFO @ 0: reporter [RNTST] Running test test...
# UVM_INFO Q1_Producer.sv(25) @ 0: uvm_test_top.p [uvm_test_top.p] ***********PRODUCER**********
# -----------------------------------------
# Name       Type         Size  Value      
# -----------------------------------------
# <unnamed>  transaction  -     @543       
#   a        integral     32    -1911489439
# -----------------------------------------
# UVM_INFO Q1_Producer.sv(25) @ 0: uvm_test_top.p [uvm_test_top.p] ***********PRODUCER**********
# -----------------------------------------
# Name       Type         Size  Value      
# -----------------------------------------
# <unnamed>  transaction  -     @547       
#   a        integral     32    -484892931 
# -----------------------------------------
# UVM_INFO Q1_Producer.sv(25) @ 0: uvm_test_top.p [uvm_test_top.p] ***********PRODUCER**********
# -----------------------------------------
# Name       Type         Size  Value      
# -----------------------------------------
# <unnamed>  transaction  -     @551       
#   a        integral     32    -1223262815
# -----------------------------------------
# UVM_INFO Q1_Producer.sv(25) @ 0: uvm_test_top.p [uvm_test_top.p] ***********PRODUCER**********
# -----------------------------------------
# Name       Type         Size  Value      
# -----------------------------------------
# <unnamed>  transaction  -     @555       
#   a        integral     32    'd616929239
# -----------------------------------------
# UVM_INFO Q1_Producer.sv(25) @ 0: uvm_test_top.p [uvm_test_top.p] ***********PRODUCER**********
# ------------------------------------------
# Name       Type         Size  Value       
# ------------------------------------------
# <unnamed>  transaction  -     @559        
#   a        integral     32    'd1309004276
# ------------------------------------------
# UVM_INFO Q1_Producer.sv(25) @ 0: uvm_test_top.p [uvm_test_top.p] ***********PRODUCER**********
# ------------------------------------------
# Name       Type         Size  Value       
# ------------------------------------------
# <unnamed>  transaction  -     @563        
#   a        integral     32    'd963071443 
# ------------------------------------------
# UVM_INFO Q1_Producer.sv(25) @ 0: uvm_test_top.p [uvm_test_top.p] ***********PRODUCER**********
# ------------------------------------------
# Name       Type         Size  Value       
# ------------------------------------------
# <unnamed>  transaction  -     @567        
#   a        integral     32    -853461579  
# ------------------------------------------
# UVM_INFO Q1_Producer.sv(25) @ 0: uvm_test_top.p [uvm_test_top.p] ***********PRODUCER**********
# ------------------------------------------
# Name       Type         Size  Value       
# ------------------------------------------
# <unnamed>  transaction  -     @571        
#   a        integral     32    -1676454420 
# ------------------------------------------
# UVM_INFO Q1_Producer.sv(25) @ 0: uvm_test_top.p [uvm_test_top.p] ***********PRODUCER**********
# ------------------------------------------
# Name       Type         Size  Value       
# ------------------------------------------
# <unnamed>  transaction  -     @575        
#   a        integral     32    -820919126  
# ------------------------------------------
# UVM_INFO Q1_Producer.sv(25) @ 0: uvm_test_top.p [uvm_test_top.p] ***********PRODUCER**********
# ------------------------------------------
# Name       Type         Size  Value       
# ------------------------------------------
# <unnamed>  transaction  -     @579        
#   a        integral     32    -2115142910 
# ------------------------------------------
# UVM_INFO Q1_consumer.sv(22) @ 0: uvm_test_top.c [uvm_test_top.c] ***********CONSUMER**********
# ------------------------------------------
# Name       Type         Size  Value       
# ------------------------------------------
# <unnamed>  transaction  -     @579        
#   a        integral     32    -2115142910 
# ------------------------------------------
# UVM_INFO Q1_Producer.sv(25) @ 0: uvm_test_top.p [uvm_test_top.p] ***********PRODUCER**********
# ------------------------------------------
# Name       Type         Size  Value       
# ------------------------------------------
# <unnamed>  transaction  -     @583        
#   a        integral     32    'd696441458 
# ------------------------------------------
# UVM_INFO Q1_Producer.sv(25) @ 0: uvm_test_top.p [uvm_test_top.p] ***********PRODUCER**********
# ------------------------------------------
# Name       Type         Size  Value       
# ------------------------------------------
# <unnamed>  transaction  -     @587        
#   a        integral     32    -1407869476 
# ------------------------------------------
# UVM_INFO Q1_Producer.sv(25) @ 0: uvm_test_top.p [uvm_test_top.p] ***********PRODUCER**********
# ------------------------------------------
# Name       Type         Size  Value       
# ------------------------------------------
# <unnamed>  transaction  -     @591        
#   a        integral     32    'd679626679 
# ------------------------------------------
# UVM_INFO Q1_Producer.sv(25) @ 0: uvm_test_top.p [uvm_test_top.p] ***********PRODUCER**********
# ------------------------------------------
# Name       Type         Size  Value       
# ------------------------------------------
# <unnamed>  transaction  -     @595        
#   a        integral     32    'd1625698522
# ------------------------------------------
# UVM_INFO Q1_Producer.sv(25) @ 0: uvm_test_top.p [uvm_test_top.p] ***********PRODUCER**********
# ------------------------------------------
# Name       Type         Size  Value       
# ------------------------------------------
# <unnamed>  transaction  -     @599        
#   a        integral     32    'd955521865 
# ------------------------------------------
# UVM_INFO Q1_Producer.sv(25) @ 0: uvm_test_top.p [uvm_test_top.p] ***********PRODUCER**********
# ------------------------------------------
# Name       Type         Size  Value       
# ------------------------------------------
# <unnamed>  transaction  -     @603        
#   a        integral     32    'd1355736070
# ------------------------------------------
# UVM_INFO Q1_Producer.sv(25) @ 0: uvm_test_top.p [uvm_test_top.p] ***********PRODUCER**********
# ------------------------------------------
# Name       Type         Size  Value       
# ------------------------------------------
# <unnamed>  transaction  -     @607        
#   a        integral     32    -1815616625 
# ------------------------------------------
# UVM_INFO Q1_Producer.sv(25) @ 0: uvm_test_top.p [uvm_test_top.p] ***********PRODUCER**********
# ------------------------------------------
# Name       Type         Size  Value       
# ------------------------------------------
# <unnamed>  transaction  -     @611        
#   a        integral     32    -1271237978 
# ------------------------------------------
# UVM_INFO Q1_Producer.sv(25) @ 0: uvm_test_top.p [uvm_test_top.p] ***********PRODUCER**********
# ------------------------------------------
# Name       Type         Size  Value       
# ------------------------------------------
# <unnamed>  transaction  -     @615        
#   a        integral     32    'd1519493799
# ------------------------------------------
# UVM_INFO Q1_Producer.sv(25) @ 0: uvm_test_top.p [uvm_test_top.p] ***********PRODUCER**********
# ------------------------------------------
# Name       Type         Size  Value       
# ------------------------------------------
# <unnamed>  transaction  -     @619        
#   a        integral     32    -632126984  
# ------------------------------------------
# UVM_INFO Q1_consumer.sv(22) @ 0: uvm_test_top.c [uvm_test_top.c] ***********CONSUMER**********
# ------------------------------------------
# Name       Type         Size  Value       
# ------------------------------------------
# <unnamed>  transaction  -     @619        
#   a        integral     32    -632126984  
# ------------------------------------------
# UVM_INFO Q1_Producer.sv(25) @ 0: uvm_test_top.p [uvm_test_top.p] ***********PRODUCER**********
# ------------------------------------------
# Name       Type         Size  Value       
# ------------------------------------------
# <unnamed>  transaction  -     @623        
#   a        integral     32    -112771998  
# ------------------------------------------
# UVM_INFO Q1_Producer.sv(25) @ 0: uvm_test_top.p [uvm_test_top.p] ***********PRODUCER**********
# ------------------------------------------
# Name       Type         Size  Value       
# ------------------------------------------
# <unnamed>  transaction  -     @627        
#   a        integral     32    -539137445  
# ------------------------------------------
# UVM_INFO Q1_Producer.sv(25) @ 0: uvm_test_top.p [uvm_test_top.p] ***********PRODUCER**********
# ------------------------------------------
# Name       Type         Size  Value       
# ------------------------------------------
# <unnamed>  transaction  -     @631        
#   a        integral     32    'd228751499 
# ------------------------------------------
# UVM_INFO Q1_Producer.sv(25) @ 0: uvm_test_top.p [uvm_test_top.p] ***********PRODUCER**********
# ------------------------------------------
# Name       Type         Size  Value       
# ------------------------------------------
# <unnamed>  transaction  -     @635        
#   a        integral     32    -1337439249 
# ------------------------------------------
# UVM_INFO Q1_Producer.sv(25) @ 0: uvm_test_top.p [uvm_test_top.p] ***********PRODUCER**********
# ------------------------------------------
# Name       Type         Size  Value       
# ------------------------------------------
# <unnamed>  transaction  -     @639        
#   a        integral     32    'd1910001369
# ------------------------------------------
# UVM_INFO Q1_Producer.sv(25) @ 0: uvm_test_top.p [uvm_test_top.p] ***********PRODUCER**********
# ------------------------------------------
# Name       Type         Size  Value       
# ------------------------------------------
# <unnamed>  transaction  -     @643        
#   a        integral     32    -662616349  
# ------------------------------------------
# UVM_INFO Q1_Producer.sv(25) @ 0: uvm_test_top.p [uvm_test_top.p] ***********PRODUCER**********
# ------------------------------------------
# Name       Type         Size  Value       
# ------------------------------------------
# <unnamed>  transaction  -     @647        
#   a        integral     32    -514486756  
# ------------------------------------------
# UVM_INFO Q1_Producer.sv(25) @ 0: uvm_test_top.p [uvm_test_top.p] ***********PRODUCER**********
# ------------------------------------------
# Name       Type         Size  Value       
# ------------------------------------------
# <unnamed>  transaction  -     @651        
#   a        integral     32    -1936304226 
# ------------------------------------------
# UVM_INFO Q1_Producer.sv(25) @ 0: uvm_test_top.p [uvm_test_top.p] ***********PRODUCER**********
# ------------------------------------------
# Name       Type         Size  Value       
# ------------------------------------------
# <unnamed>  transaction  -     @655        
#   a        integral     32    -866519461  
# ------------------------------------------
# UVM_INFO Q1_Producer.sv(25) @ 0: uvm_test_top.p [uvm_test_top.p] ***********PRODUCER**********
# ------------------------------------------
# Name       Type         Size  Value       
# ------------------------------------------
# <unnamed>  transaction  -     @659        
#   a        integral     32    -361542298  
# ------------------------------------------
# UVM_INFO Q1_consumer.sv(22) @ 0: uvm_test_top.c [uvm_test_top.c] ***********CONSUMER**********
# ------------------------------------------
# Name       Type         Size  Value       
# ------------------------------------------
# <unnamed>  transaction  -     @659        
#   a        integral     32    -361542298  
# ------------------------------------------
# UVM_INFO Q1_Producer.sv(25) @ 0: uvm_test_top.p [uvm_test_top.p] ***********PRODUCER**********
# ------------------------------------------
# Name       Type         Size  Value       
# ------------------------------------------
# <unnamed>  transaction  -     @663        
#   a        integral     32    'd813098519 
# ------------------------------------------
# UVM_INFO Q1_Producer.sv(25) @ 0: uvm_test_top.p [uvm_test_top.p] ***********PRODUCER**********
# ------------------------------------------
# Name       Type         Size  Value       
# ------------------------------------------
# <unnamed>  transaction  -     @667        
#   a        integral     32    'd1354617894
# ------------------------------------------
# UVM_INFO Q1_Producer.sv(25) @ 0: uvm_test_top.p [uvm_test_top.p] ***********PRODUCER**********
# ------------------------------------------
# Name       Type         Size  Value       
# ------------------------------------------
# <unnamed>  transaction  -     @671        
#   a        integral     32    'd1105009969
# ------------------------------------------
# UVM_INFO Q1_Producer.sv(25) @ 0: uvm_test_top.p [uvm_test_top.p] ***********PRODUCER**********
# ------------------------------------------
# Name       Type         Size  Value       
# ------------------------------------------
# <unnamed>  transaction  -     @675        
#   a        integral     32    'd310523476 
# ------------------------------------------
# UVM_INFO Q1_Producer.sv(25) @ 0: uvm_test_top.p [uvm_test_top.p] ***********PRODUCER**********
# ------------------------------------------
# Name       Type         Size  Value       
# ------------------------------------------
# <unnamed>  transaction  -     @679        
#   a        integral     32    'd785470632 
# ------------------------------------------
# UVM_INFO Q1_Producer.sv(25) @ 0: uvm_test_top.p [uvm_test_top.p] ***********PRODUCER**********
# ------------------------------------------
# Name       Type         Size  Value       
# ------------------------------------------
# <unnamed>  transaction  -     @683        
#   a        integral     32    'd300234321 
# ------------------------------------------
# UVM_INFO Q1_Producer.sv(25) @ 0: uvm_test_top.p [uvm_test_top.p] ***********PRODUCER**********
# ------------------------------------------
# Name       Type         Size  Value       
# ------------------------------------------
# <unnamed>  transaction  -     @687        
#   a        integral     32    -1575855898 
# ------------------------------------------
# UVM_INFO Q1_Producer.sv(25) @ 0: uvm_test_top.p [uvm_test_top.p] ***********PRODUCER**********
# ------------------------------------------
# Name       Type         Size  Value       
# ------------------------------------------
# <unnamed>  transaction  -     @691        
#   a        integral     32    'd1646995839
# ------------------------------------------
# UVM_INFO Q1_Producer.sv(25) @ 0: uvm_test_top.p [uvm_test_top.p] ***********PRODUCER**********
# ------------------------------------------
# Name       Type         Size  Value       
# ------------------------------------------
# <unnamed>  transaction  -     @695        
#   a        integral     32    -119227181  
# ------------------------------------------
# UVM_INFO Q1_Producer.sv(25) @ 0: uvm_test_top.p [uvm_test_top.p] ***********PRODUCER**********
# ------------------------------------------
# Name       Type         Size  Value       
# ------------------------------------------
# <unnamed>  transaction  -     @699        
#   a        integral     32    -1990474964 
# ------------------------------------------
# UVM_INFO Q1_consumer.sv(22) @ 0: uvm_test_top.c [uvm_test_top.c] ***********CONSUMER**********
# ------------------------------------------
# Name       Type         Size  Value       
# ------------------------------------------
# <unnamed>  transaction  -     @699        
#   a        integral     32    -1990474964 
# ------------------------------------------
# UVM_INFO Q1_Producer.sv(25) @ 0: uvm_test_top.p [uvm_test_top.p] ***********PRODUCER**********
# ------------------------------------------
# Name       Type         Size  Value       
# ------------------------------------------
# <unnamed>  transaction  -     @703        
#   a        integral     32    'd1166149597
# ------------------------------------------
# UVM_INFO Q1_Producer.sv(25) @ 0: uvm_test_top.p [uvm_test_top.p] ***********PRODUCER**********
# ------------------------------------------
# Name       Type         Size  Value       
# ------------------------------------------
# <unnamed>  transaction  -     @707        
#   a        integral     32    'd1774500798
# ------------------------------------------
# UVM_INFO Q1_Producer.sv(25) @ 0: uvm_test_top.p [uvm_test_top.p] ***********PRODUCER**********
# ------------------------------------------
# Name       Type         Size  Value       
# ------------------------------------------
# <unnamed>  transaction  -     @711        
#   a        integral     32    'd1359749365
# ------------------------------------------
# UVM_INFO Q1_Producer.sv(25) @ 0: uvm_test_top.p [uvm_test_top.p] ***********PRODUCER**********
# ------------------------------------------
# Name       Type         Size  Value       
# ------------------------------------------
# <unnamed>  transaction  -     @715        
#   a        integral     32    'd306801687 
# ------------------------------------------
# UVM_INFO Q1_Producer.sv(25) @ 0: uvm_test_top.p [uvm_test_top.p] ***********PRODUCER**********
# ------------------------------------------
# Name       Type         Size  Value       
# ------------------------------------------
# <unnamed>  transaction  -     @719        
#   a        integral     32    'd2076194626
# ------------------------------------------
# UVM_INFO Q1_Producer.sv(25) @ 0: uvm_test_top.p [uvm_test_top.p] ***********PRODUCER**********
# ------------------------------------------
# Name       Type         Size  Value       
# ------------------------------------------
# <unnamed>  transaction  -     @723        
#   a        integral     32    -1601536085 
# ------------------------------------------
# UVM_INFO Q1_Producer.sv(25) @ 0: uvm_test_top.p [uvm_test_top.p] ***********PRODUCER**********
# ------------------------------------------
# Name       Type         Size  Value       
# ------------------------------------------
# <unnamed>  transaction  -     @727        
#   a        integral     32    'd214131197 
# ------------------------------------------
# UVM_INFO Q1_Producer.sv(25) @ 0: uvm_test_top.p [uvm_test_top.p] ***********PRODUCER**********
# ------------------------------------------
# Name       Type         Size  Value       
# ------------------------------------------
# <unnamed>  transaction  -     @731        
#   a        integral     32    -11379119   
# ------------------------------------------
# UVM_INFO Q1_Producer.sv(25) @ 0: uvm_test_top.p [uvm_test_top.p] ***********PRODUCER**********
# ------------------------------------------
# Name       Type         Size  Value       
# ------------------------------------------
# <unnamed>  transaction  -     @735        
#   a        integral     32    'd486336581 
# ------------------------------------------
# UVM_INFO Q1_Producer.sv(25) @ 0: uvm_test_top.p [uvm_test_top.p] ***********PRODUCER**********
# ------------------------------------------
# Name       Type         Size  Value       
# ------------------------------------------
# <unnamed>  transaction  -     @739        
#   a        integral     32    -676646787  
# ------------------------------------------
# UVM_INFO Q1_consumer.sv(22) @ 0: uvm_test_top.c [uvm_test_top.c] ***********CONSUMER**********
# ------------------------------------------
# Name       Type         Size  Value       
# ------------------------------------------
# <unnamed>  transaction  -     @739        
#   a        integral     32    -676646787  
# ------------------------------------------
# UVM_INFO Q1_Producer.sv(25) @ 0: uvm_test_top.p [uvm_test_top.p] ***********PRODUCER**********
# ------------------------------------------
# Name       Type         Size  Value       
# ------------------------------------------
# <unnamed>  transaction  -     @743        
#   a        integral     32    -391533715  
# ------------------------------------------
# UVM_INFO Q1_Producer.sv(25) @ 0: uvm_test_top.p [uvm_test_top.p] ***********PRODUCER**********
# ------------------------------------------
# Name       Type         Size  Value       
# ------------------------------------------
# <unnamed>  transaction  -     @747        
#   a        integral     32    'd371607999 
# ------------------------------------------
# UVM_INFO Q1_Producer.sv(25) @ 0: uvm_test_top.p [uvm_test_top.p] ***********PRODUCER**********
# ------------------------------------------
# Name       Type         Size  Value       
# ------------------------------------------
# <unnamed>  transaction  -     @751        
#   a        integral     32    'd956772563 
# ------------------------------------------
# UVM_INFO Q1_Producer.sv(25) @ 0: uvm_test_top.p [uvm_test_top.p] ***********PRODUCER**********
# ------------------------------------------
# Name       Type         Size  Value       
# ------------------------------------------
# <unnamed>  transaction  -     @755        
#   a        integral     32    -1172747297 
# ------------------------------------------
# UVM_INFO Q1_Producer.sv(25) @ 0: uvm_test_top.p [uvm_test_top.p] ***********PRODUCER**********
# ------------------------------------------
# Name       Type         Size  Value       
# ------------------------------------------
# <unnamed>  transaction  -     @759        
#   a        integral     32    -720410926  
# ------------------------------------------
# UVM_INFO Q1_Producer.sv(25) @ 0: uvm_test_top.p [uvm_test_top.p] ***********PRODUCER**********
# ------------------------------------------
# Name       Type         Size  Value       
# ------------------------------------------
# <unnamed>  transaction  -     @763        
#   a        integral     32    'd1099445783
# ------------------------------------------
# UVM_INFO Q1_Producer.sv(25) @ 0: uvm_test_top.p [uvm_test_top.p] ***********PRODUCER**********
# ------------------------------------------
# Name       Type         Size  Value       
# ------------------------------------------
# <unnamed>  transaction  -     @767        
#   a        integral     32    -1495342983 
# ------------------------------------------
# UVM_INFO Q1_Producer.sv(25) @ 0: uvm_test_top.p [uvm_test_top.p] ***********PRODUCER**********
# ------------------------------------------
# Name       Type         Size  Value       
# ------------------------------------------
# <unnamed>  transaction  -     @771        
#   a        integral     32    -1884595523 
# ------------------------------------------
# UVM_INFO Q1_Producer.sv(25) @ 0: uvm_test_top.p [uvm_test_top.p] ***********PRODUCER**********
# ------------------------------------------
# Name       Type         Size  Value       
# ------------------------------------------
# <unnamed>  transaction  -     @775        
#   a        integral     32    -964376689  
# ------------------------------------------
# UVM_INFO Q1_Producer.sv(25) @ 0: uvm_test_top.p [uvm_test_top.p] ***********PRODUCER**********
# ------------------------------------------
# Name       Type         Size  Value       
# ------------------------------------------
# <unnamed>  transaction  -     @779        
#   a        integral     32    -823304917  
# ------------------------------------------
# UVM_INFO Q1_consumer.sv(22) @ 0: uvm_test_top.c [uvm_test_top.c] ***********CONSUMER**********
# ------------------------------------------
# Name       Type         Size  Value       
# ------------------------------------------
# <unnamed>  transaction  -     @779        
#   a        integral     32    -823304917  
# ------------------------------------------
# UVM_INFO Q1_Producer.sv(25) @ 0: uvm_test_top.p [uvm_test_top.p] ***********PRODUCER**********
# ------------------------------------------
# Name       Type         Size  Value       
# ------------------------------------------
# <unnamed>  transaction  -     @783        
#   a        integral     32    -553554773  
# ------------------------------------------
# UVM_INFO Q1_Producer.sv(25) @ 0: uvm_test_top.p [uvm_test_top.p] ***********PRODUCER**********
# ------------------------------------------
# Name       Type         Size  Value       
# ------------------------------------------
# <unnamed>  transaction  -     @787        
#   a        integral     32    'd1432223898
# ------------------------------------------
# UVM_INFO Q1_Producer.sv(25) @ 0: uvm_test_top.p [uvm_test_top.p] ***********PRODUCER**********
# ------------------------------------------
# Name       Type         Size  Value       
# ------------------------------------------
# <unnamed>  transaction  -     @791        
#   a        integral     32    'd739048079 
# ------------------------------------------
# UVM_INFO Q1_Producer.sv(25) @ 0: uvm_test_top.p [uvm_test_top.p] ***********PRODUCER**********
# ------------------------------------------
# Name       Type         Size  Value       
# ------------------------------------------
# <unnamed>  transaction  -     @795        
#   a        integral     32    -1460215716 
# ------------------------------------------
# UVM_INFO Q1_Producer.sv(25) @ 0: uvm_test_top.p [uvm_test_top.p] ***********PRODUCER**********
# ------------------------------------------
# Name       Type         Size  Value       
# ------------------------------------------
# <unnamed>  transaction  -     @799        
#   a        integral     32    -1339030823 
# ------------------------------------------
# UVM_INFO Q1_Producer.sv(25) @ 0: uvm_test_top.p [uvm_test_top.p] ***********PRODUCER**********
# ------------------------------------------
# Name       Type         Size  Value       
# ------------------------------------------
# <unnamed>  transaction  -     @803        
#   a        integral     32    'd560889796 
# ------------------------------------------
# UVM_INFO Q1_Producer.sv(25) @ 0: uvm_test_top.p [uvm_test_top.p] ***********PRODUCER**********
# ------------------------------------------
# Name       Type         Size  Value       
# ------------------------------------------
# <unnamed>  transaction  -     @807        
#   a        integral     32    -1952100796 
# ------------------------------------------
# UVM_INFO Q1_Producer.sv(25) @ 0: uvm_test_top.p [uvm_test_top.p] ***********PRODUCER**********
# ------------------------------------------
# Name       Type         Size  Value       
# ------------------------------------------
# <unnamed>  transaction  -     @811        
#   a        integral     32    -1617917266 
# ------------------------------------------
# UVM_INFO Q1_Producer.sv(25) @ 0: uvm_test_top.p [uvm_test_top.p] ***********PRODUCER**********
# ------------------------------------------
# Name       Type         Size  Value       
# ------------------------------------------
# <unnamed>  transaction  -     @815        
#   a        integral     32    'd1424521210
# ------------------------------------------
# UVM_INFO Q1_Producer.sv(25) @ 0: uvm_test_top.p [uvm_test_top.p] ***********PRODUCER**********
# ------------------------------------------
# Name       Type         Size  Value       
# ------------------------------------------
# <unnamed>  transaction  -     @819        
#   a        integral     32    -1334614677 
# ------------------------------------------
# UVM_INFO Q1_consumer.sv(22) @ 0: uvm_test_top.c [uvm_test_top.c] ***********CONSUMER**********
# ------------------------------------------
# Name       Type         Size  Value       
# ------------------------------------------
# <unnamed>  transaction  -     @819        
#   a        integral     32    -1334614677 
# ------------------------------------------
# UVM_INFO Q1_Producer.sv(25) @ 0: uvm_test_top.p [uvm_test_top.p] ***********PRODUCER**********
# ------------------------------------------
# Name       Type         Size  Value       
# ------------------------------------------
# <unnamed>  transaction  -     @823        
#   a        integral     32    -89127004   
# ------------------------------------------
# UVM_INFO Q1_Producer.sv(25) @ 0: uvm_test_top.p [uvm_test_top.p] ***********PRODUCER**********
# ------------------------------------------
# Name       Type         Size  Value       
# ------------------------------------------
# <unnamed>  transaction  -     @827        
#   a        integral     32    -1978692441 
# ------------------------------------------
# UVM_INFO Q1_Producer.sv(25) @ 0: uvm_test_top.p [uvm_test_top.p] ***********PRODUCER**********
# ------------------------------------------
# Name       Type         Size  Value       
# ------------------------------------------
# <unnamed>  transaction  -     @831        
#   a        integral     32    'd1144240424
# ------------------------------------------
# UVM_INFO Q1_Producer.sv(25) @ 0: uvm_test_top.p [uvm_test_top.p] ***********PRODUCER**********
# ------------------------------------------
# Name       Type         Size  Value       
# ------------------------------------------
# <unnamed>  transaction  -     @835        
#   a        integral     32    -829792603  
# ------------------------------------------
# UVM_INFO Q1_Producer.sv(25) @ 0: uvm_test_top.p [uvm_test_top.p] ***********PRODUCER**********
# ------------------------------------------
# Name       Type         Size  Value       
# ------------------------------------------
# <unnamed>  transaction  -     @839        
#   a        integral     32    -1438286420 
# ------------------------------------------
# UVM_INFO Q1_Producer.sv(25) @ 0: uvm_test_top.p [uvm_test_top.p] ***********PRODUCER**********
# ------------------------------------------
# Name       Type         Size  Value       
# ------------------------------------------
# <unnamed>  transaction  -     @843        
#   a        integral     32    -635651717  
# ------------------------------------------
# UVM_INFO Q1_Producer.sv(25) @ 0: uvm_test_top.p [uvm_test_top.p] ***********PRODUCER**********
# ------------------------------------------
# Name       Type         Size  Value       
# ------------------------------------------
# <unnamed>  transaction  -     @847        
#   a        integral     32    -480291961  
# ------------------------------------------
# UVM_INFO Q1_Producer.sv(25) @ 0: uvm_test_top.p [uvm_test_top.p] ***********PRODUCER**********
# ------------------------------------------
# Name       Type         Size  Value       
# ------------------------------------------
# <unnamed>  transaction  -     @851        
#   a        integral     32    -2137992078 
# ------------------------------------------
# UVM_INFO Q1_Producer.sv(25) @ 0: uvm_test_top.p [uvm_test_top.p] ***********PRODUCER**********
# ------------------------------------------
# Name       Type         Size  Value       
# ------------------------------------------
# <unnamed>  transaction  -     @855        
#   a        integral     32    'd1128664310
# ------------------------------------------
# UVM_INFO Q1_Producer.sv(25) @ 0: uvm_test_top.p [uvm_test_top.p] ***********PRODUCER**********
# ------------------------------------------
# Name       Type         Size  Value       
# ------------------------------------------
# <unnamed>  transaction  -     @859        
#   a        integral     32    -1744078707 
# ------------------------------------------
# UVM_INFO Q1_consumer.sv(22) @ 0: uvm_test_top.c [uvm_test_top.c] ***********CONSUMER**********
# ------------------------------------------
# Name       Type         Size  Value       
# ------------------------------------------
# <unnamed>  transaction  -     @859        
#   a        integral     32    -1744078707 
# ------------------------------------------
# UVM_INFO Q1_Producer.sv(25) @ 0: uvm_test_top.p [uvm_test_top.p] ***********PRODUCER**********
# ------------------------------------------
# Name       Type         Size  Value       
# ------------------------------------------
# <unnamed>  transaction  -     @863        
#   a        integral     32    'd2042085087
# ------------------------------------------
# UVM_INFO Q1_Producer.sv(25) @ 0: uvm_test_top.p [uvm_test_top.p] ***********PRODUCER**********
# ------------------------------------------
# Name       Type         Size  Value       
# ------------------------------------------
# <unnamed>  transaction  -     @867        
#   a        integral     32    -1467483689 
# ------------------------------------------
# UVM_INFO Q1_Producer.sv(25) @ 0: uvm_test_top.p [uvm_test_top.p] ***********PRODUCER**********
# ------------------------------------------
# Name       Type         Size  Value       
# ------------------------------------------
# <unnamed>  transaction  -     @871        
#   a        integral     32    -776071197  
# ------------------------------------------
# UVM_INFO Q1_Producer.sv(25) @ 0: uvm_test_top.p [uvm_test_top.p] ***********PRODUCER**********
# ------------------------------------------
# Name       Type         Size  Value       
# ------------------------------------------
# <unnamed>  transaction  -     @875        
#   a        integral     32    -689463911  
# ------------------------------------------
# UVM_INFO Q1_Producer.sv(25) @ 0: uvm_test_top.p [uvm_test_top.p] ***********PRODUCER**********
# ------------------------------------------
# Name       Type         Size  Value       
# ------------------------------------------
# <unnamed>  transaction  -     @879        
#   a        integral     32    'd1877296195
# ------------------------------------------
# UVM_INFO Q1_Producer.sv(25) @ 0: uvm_test_top.p [uvm_test_top.p] ***********PRODUCER**********
# ------------------------------------------
# Name       Type         Size  Value       
# ------------------------------------------
# <unnamed>  transaction  -     @883        
#   a        integral     32    -1393306745 
# ------------------------------------------
# UVM_INFO Q1_Producer.sv(25) @ 0: uvm_test_top.p [uvm_test_top.p] ***********PRODUCER**********
# ------------------------------------------
# Name       Type         Size  Value       
# ------------------------------------------
# <unnamed>  transaction  -     @887        
#   a        integral     32    'd914657387 
# ------------------------------------------
# UVM_INFO Q1_Producer.sv(25) @ 0: uvm_test_top.p [uvm_test_top.p] ***********PRODUCER**********
# ------------------------------------------
# Name       Type         Size  Value       
# ------------------------------------------
# <unnamed>  transaction  -     @891        
#   a        integral     32    'd1182398393
# ------------------------------------------
# UVM_INFO Q1_Producer.sv(25) @ 0: uvm_test_top.p [uvm_test_top.p] ***********PRODUCER**********
# ------------------------------------------
# Name       Type         Size  Value       
# ------------------------------------------
# <unnamed>  transaction  -     @895        
#   a        integral     32    'd1572103483
# ------------------------------------------
# UVM_INFO Q1_Producer.sv(25) @ 0: uvm_test_top.p [uvm_test_top.p] ***********PRODUCER**********
# ------------------------------------------
# Name       Type         Size  Value       
# ------------------------------------------
# <unnamed>  transaction  -     @899        
#   a        integral     32    -205805418  
# ------------------------------------------
# UVM_INFO Q1_consumer.sv(22) @ 0: uvm_test_top.c [uvm_test_top.c] ***********CONSUMER**********
# ------------------------------------------
# Name       Type         Size  Value       
# ------------------------------------------
# <unnamed>  transaction  -     @899        
#   a        integral     32    -205805418  
# ------------------------------------------
# UVM_INFO Q1_Producer.sv(25) @ 0: uvm_test_top.p [uvm_test_top.p] ***********PRODUCER**********
# ------------------------------------------
# Name       Type         Size  Value       
# ------------------------------------------
# <unnamed>  transaction  -     @903        
#   a        integral     32    -2102221694 
# ------------------------------------------
# UVM_INFO Q1_Producer.sv(25) @ 0: uvm_test_top.p [uvm_test_top.p] ***********PRODUCER**********
# ------------------------------------------
# Name       Type         Size  Value       
# ------------------------------------------
# <unnamed>  transaction  -     @907        
#   a        integral     32    'd1151065744
# ------------------------------------------
# UVM_INFO Q1_Producer.sv(25) @ 0: uvm_test_top.p [uvm_test_top.p] ***********PRODUCER**********
# ------------------------------------------
# Name       Type         Size  Value       
# ------------------------------------------
# <unnamed>  transaction  -     @911        
#   a        integral     32    'd487768306 
# ------------------------------------------
# UVM_INFO Q1_Producer.sv(25) @ 0: uvm_test_top.p [uvm_test_top.p] ***********PRODUCER**********
# ------------------------------------------
# Name       Type         Size  Value       
# ------------------------------------------
# <unnamed>  transaction  -     @915        
#   a        integral     32    -580857522  
# ------------------------------------------
# UVM_INFO Q1_Producer.sv(25) @ 0: uvm_test_top.p [uvm_test_top.p] ***********PRODUCER**********
# ------------------------------------------
# Name       Type         Size  Value       
# ------------------------------------------
# <unnamed>  transaction  -     @919        
#   a        integral     32    -1845265547 
# ------------------------------------------
# UVM_INFO Q1_Producer.sv(25) @ 0: uvm_test_top.p [uvm_test_top.p] ***********PRODUCER**********
# ------------------------------------------
# Name       Type         Size  Value       
# ------------------------------------------
# <unnamed>  transaction  -     @923        
#   a        integral     32    'd1273457475
# ------------------------------------------
# UVM_INFO Q1_Producer.sv(25) @ 0: uvm_test_top.p [uvm_test_top.p] ***********PRODUCER**********
# ------------------------------------------
# Name       Type         Size  Value       
# ------------------------------------------
# <unnamed>  transaction  -     @927        
#   a        integral     32    'd1231159527
# ------------------------------------------
# UVM_INFO Q1_Producer.sv(25) @ 0: uvm_test_top.p [uvm_test_top.p] ***********PRODUCER**********
# ------------------------------------------
# Name       Type         Size  Value       
# ------------------------------------------
# <unnamed>  transaction  -     @931        
#   a        integral     32    'd1945222009
# ------------------------------------------
# UVM_INFO Q1_Producer.sv(25) @ 0: uvm_test_top.p [uvm_test_top.p] ***********PRODUCER**********
# ------------------------------------------
# Name       Type         Size  Value       
# ------------------------------------------
# <unnamed>  transaction  -     @935        
#   a        integral     32    'd249122176 
# ------------------------------------------
# UVM_INFO Q1_Producer.sv(25) @ 0: uvm_test_top.p [uvm_test_top.p] ***********PRODUCER**********
# ------------------------------------------
# Name       Type         Size  Value       
# ------------------------------------------
# <unnamed>  transaction  -     @939        
#   a        integral     32    'd525901464 
# ------------------------------------------
# UVM_INFO Q1_consumer.sv(22) @ 0: uvm_test_top.c [uvm_test_top.c] ***********CONSUMER**********
# ------------------------------------------
# Name       Type         Size  Value       
# ------------------------------------------
# <unnamed>  transaction  -     @939        
#   a        integral     32    'd525901464 
# ------------------------------------------
# 
# --- UVM Report Summary ---
# 
# ** Report counts by severity
# UVM_INFO :  113
# UVM_WARNING :    0
# UVM_ERROR :    0
# UVM_FATAL :    0
# ** Report counts by id
# [Questa UVM]     2
# [RNTST]     1
# [uvm_test_top.c]    10
# [uvm_test_top.p]   100
# ** Note: $finish    : C:/questasim_10.1d/win32/../verilog_src/uvm-1.1c/src/base/uvm_root.svh(427)
#    Time: 0 ns  Iteration: 216  Instance: /top
