QuestaSim qverilog 10.1d Compiler 2012.11 Nov  1 2012
C:\questasim_10.1d\win32\qverilog.exe .\uvm_component_class.sv 
** Note: (qverilog-2286) Using implicit +incdir+C:/questasim_10.1d/uvm-1.1c/../verilog_src/uvm-1.1c/src from import uvm_pkg
-- Compiling package uvm_component_class_sv_unit
-- Importing package mtiUvm.uvm_pkg (uvm-1.1c Built-in)
-- Compiling module test

Top level modules:
	test
+ C:\questasim_10.1d\win32/vsim -lib work test -c -do "run -all; quit -f" -appendlog -l qverilog.log -vopt
# vsim -appendlog -do {run -all; quit -f} -l qverilog.log -lib work -c -vopt test 
# ** Note: (vsim-3813) Design is being optimized due to module recompilation...
# 
# //  Questa Sim
# //  Version 10.1d win32 Nov  1 2012
# //
# //  Copyright 1991-2012 Mentor Graphics Corporation
# //  All Rights Reserved.
# //
# //  THIS WORK CONTAINS TRADE SECRET AND PROPRIETARY INFORMATION
# //  WHICH IS THE PROPERTY OF MENTOR GRAPHICS CORPORATION OR ITS
# //  LICENSORS AND IS SUBJECT TO LICENSE TERMS.
# //
# Loading sv_std.std
# Loading mtiUvm.uvm_pkg(fast)
# Loading work.uvm_component_class_sv_unit(fast)
# Loading work.test(fast)
# Loading mtiUvm.questa_uvm_pkg(fast)
# Loading C:/questasim_10.1d/uvm-1.1c\win32\uvm_dpi.dll
# run -all 
# ----------------------------------------------------------------
# UVM-1.1c
# (C) 2007-2012 Mentor Graphics Corporation
# (C) 2007-2012 Cadence Design Systems, Inc.
# (C) 2006-2012 Synopsys, Inc.
# (C) 2011-2012 Cypress Semiconductor Corp.
# ----------------------------------------------------------------
# 
#   ***********       IMPORTANT RELEASE NOTES         ************
# 
#   You are using a version of the UVM library that has been compiled
#   with `UVM_NO_DEPRECATED undefined.
#   See http://www.eda.org/svdb/view.php?id=3313 for more details.
# 
#   You are using a version of the UVM library that has been compiled
#   with `UVM_OBJECT_MUST_HAVE_CONSTRUCTOR undefined.
#   See http://www.eda.org/svdb/view.php?id=3770 for more details.
# 
#       (Specify +UVM_NO_RELNOTES to turn off this notice)
# 
# UVM_INFO verilog_src/questa_uvm_pkg-1.2/src/questa_uvm_pkg.sv(215) @ 0: reporter [Questa UVM] QUESTA_UVM-1.2
# UVM_INFO verilog_src/questa_uvm_pkg-1.2/src/questa_uvm_pkg.sv(217) @ 0: reporter [Questa UVM]  questa_uvm::init(+struct)
# UVM_WARNING @ 0: reporter [BDTYP] Cannot create a component of type 'component' because it is not registered with the factory.
# UVM_FATAL @ 0: reporter [INVTST] Requested test from call to run_test(component) not found.
# 
# --- UVM Report Summary ---
# 
# ** Report counts by severity
# UVM_INFO :    2
# UVM_WARNING :    1
# UVM_ERROR :    0
# UVM_FATAL :    1
# ** Report counts by id
# [BDTYP]     1
# [INVTST]     1
# [Questa UVM]     2
# ** Note: $finish    : C:/questasim_10.1d/win32/../verilog_src/uvm-1.1c/src/base/uvm_report_object.svh(277)
#    Time: 0 ns  Iteration: 0  Instance: /test
